2026-06-23 14:13:20,439 INFO Generating customer
2026-06-23 14:13:20,592 INFO customer completed
2026-06-23 14:13:20,592 INFO Generating driver
2026-06-23 14:13:20,606 INFO driver completed
2026-06-23 14:13:20,606 INFO Generating vehicle
2026-06-23 14:13:20,610 INFO vehicle completed
2026-06-23 14:13:20,610 INFO Generating warehouse
2026-06-23 14:13:20,612 INFO warehouse completed
2026-06-23 14:13:20,613 INFO Generating shipment
2026-06-23 14:13:20,827 INFO shipment completed
2026-06-23 14:52:32,395 INFO Generating customer
2026-06-23 14:52:32,680 INFO customer completed
2026-06-23 14:52:32,680 INFO Generating driver
2026-06-23 14:52:32,710 INFO driver completed
2026-06-23 14:52:32,710 INFO Generating vehicle
2026-06-23 14:52:32,715 INFO vehicle completed
2026-06-23 14:52:32,715 INFO Generating warehouse
2026-06-23 14:52:32,719 INFO warehouse completed
2026-06-23 14:52:32,719 INFO Generating route
2026-06-23 14:52:32,725 INFO route completed
2026-06-23 14:52:32,725 INFO Generating shipment
2026-06-23 14:52:35,974 INFO shipment completed
